app/build/intermediates/manifest_merge_blame_file/release/processReleaseMainManifest/manifest-merger-blame-release-report.txt
1<?xml version="1.0" encoding="utf-8"?>
2<manifest xmlns:android="http://schemas.android.com/apk/res/android"
3    package="com.athar.accessibilitymapping"
4    android:versionCode="1"
5    android:versionName="1.0.0" >
6
7    <uses-sdk
8        android:minSdkVersion="24"
9        android:targetSdkVersion="34" />
10
11    <uses-permission android:name="android.permission.INTERNET" />
11-->src\main\AndroidManifest.xml:2:3-65
11-->src\main\AndroidManifest.xml:2:20-62
12    <uses-permission android:name="android.permission.ACCESS_FINE_LOCATION" />
12-->src\main\AndroidManifest.xml:3:3-77
12-->src\main\AndroidManifest.xml:3:20-74
13    <uses-permission android:name="android.permission.ACCESS_COARSE_LOCATION" />
13-->src\main\AndroidManifest.xml:4:3-79
13-->src\main\AndroidManifest.xml:4:20-76
14    <uses-permission android:name="android.permission.CAMERA" />
14-->src\main\AndroidManifest.xml:5:3-63
14-->src\main\AndroidManifest.xml:5:20-60
15
16    <uses-feature
16-->src\main\AndroidManifest.xml:6:3-83
17        android:name="android.hardware.camera"
17-->src\main\AndroidManifest.xml:6:17-55
18        android:required="false" />
18-->src\main\AndroidManifest.xml:6:56-80
19
20    <uses-permission android:name="android.permission.ACCESS_WIFI_STATE" /> <!-- Include required permissions for Google Maps API to run. -->
20-->[com.google.android.libraries.places:places:3.5.0] AndroidManifest.xml:11:5-76
20-->[com.google.android.libraries.places:places:3.5.0] AndroidManifest.xml:11:22-73
21    <uses-permission android:name="android.permission.ACCESS_NETWORK_STATE" />
21-->[com.google.android.gms:play-services-maps:20.0.0] AndroidManifest.xml:20:5-78
21-->[com.google.android.gms:play-services-maps:20.0.0] AndroidManifest.xml:20:22-76
22
23    <uses-feature
23-->[com.google.android.gms:play-services-maps:20.0.0] AndroidManifest.xml:22:5-24:33
24        android:glEsVersion="0x00020000"
24-->[com.google.android.gms:play-services-maps:20.0.0] AndroidManifest.xml:23:8-40
25        android:required="true" />
25-->[com.google.android.gms:play-services-maps:20.0.0] AndroidManifest.xml:24:8-31
26
27    <queries>
27-->[com.google.android.gms:play-services-maps:20.0.0] AndroidManifest.xml:27:5-30:15
28
29        <!-- Needs to be explicitly declared on Android R+ -->
30        <package android:name="com.google.android.apps.maps" />
30-->[com.google.android.gms:play-services-maps:20.0.0] AndroidManifest.xml:29:7-61
30-->[com.google.android.gms:play-services-maps:20.0.0] AndroidManifest.xml:29:16-59
31    </queries>
32
33    <permission
33-->[androidx.core:core:1.17.0] AndroidManifest.xml:22:5-24:47
34        android:name="com.athar.accessibilitymapping.DYNAMIC_RECEIVER_NOT_EXPORTED_PERMISSION"
34-->[androidx.core:core:1.17.0] AndroidManifest.xml:23:9-81
35        android:protectionLevel="signature" />
35-->[androidx.core:core:1.17.0] AndroidManifest.xml:24:9-44
36
37    <uses-permission android:name="com.athar.accessibilitymapping.DYNAMIC_RECEIVER_NOT_EXPORTED_PERMISSION" />
37-->[androidx.core:core:1.17.0] AndroidManifest.xml:26:5-97
37-->[androidx.core:core:1.17.0] AndroidManifest.xml:26:22-94
38
39    <application
39-->src\main\AndroidManifest.xml:8:3-27:17
40        android:allowBackup="true"
40-->src\main\AndroidManifest.xml:9:5-31
41        android:appComponentFactory="androidx.core.app.CoreComponentFactory"
41-->[androidx.core:core:1.17.0] AndroidManifest.xml:28:18-86
42        android:extractNativeLibs="false"
43        android:label="Athar"
43-->src\main\AndroidManifest.xml:10:5-26
44        android:supportsRtl="true"
44-->src\main\AndroidManifest.xml:13:5-31
45        android:theme="@style/Theme.Athar"
45-->src\main\AndroidManifest.xml:12:5-39
46        android:usesCleartextTraffic="true" >
46-->src\main\AndroidManifest.xml:11:5-40
47        <meta-data
48            android:name="com.google.android.geo.API_KEY"
48-->src\main\AndroidManifest.xml:15:7-52
49            android:value="AIzaSyAJ3nicpl50oIkMWm09T6m2mvvNYDJYH0s" />
49-->src\main\AndroidManifest.xml:16:7-38
50
51        <activity
51-->src\main\AndroidManifest.xml:18:5-26:16
52            android:name="com.athar.accessibilitymapping.MainActivity"
52-->src\main\AndroidManifest.xml:19:7-35
53            android:exported="true"
53-->src\main\AndroidManifest.xml:20:7-30
54            android:theme="@style/Theme.Athar" >
54-->src\main\AndroidManifest.xml:21:7-41
55            <intent-filter>
55-->src\main\AndroidManifest.xml:22:7-25:23
56                <action android:name="android.intent.action.MAIN" />
56-->src\main\AndroidManifest.xml:23:9-61
56-->src\main\AndroidManifest.xml:23:17-58
57
58                <category android:name="android.intent.category.LAUNCHER" />
58-->src\main\AndroidManifest.xml:24:9-69
58-->src\main\AndroidManifest.xml:24:19-66
59            </intent-filter>
60        </activity>
61        <activity
61-->[com.google.android.libraries.places:places:3.5.0] AndroidManifest.xml:15:9-21:20
62            android:name="com.google.android.libraries.places.widget.AutocompleteActivity"
62-->[com.google.android.libraries.places:places:3.5.0] AndroidManifest.xml:16:13-91
63            android:exported="false"
63-->[com.google.android.libraries.places:places:3.5.0] AndroidManifest.xml:17:13-37
64            android:label="@string/places_autocomplete_label"
64-->[com.google.android.libraries.places:places:3.5.0] AndroidManifest.xml:18:13-62
65            android:theme="@style/PlacesAutocompleteOverlay"
65-->[com.google.android.libraries.places:places:3.5.0] AndroidManifest.xml:19:13-61
66            android:windowSoftInputMode="adjustResize" >
66-->[com.google.android.libraries.places:places:3.5.0] AndroidManifest.xml:20:13-55
67        </activity>
68        <!--
69        Service for holding metadata. Cannot be instantiated.
70        Metadata will be merged from other manifests.
71        -->
72        <service
72-->[androidx.camera:camera-core:1.3.4] AndroidManifest.xml:29:9-33:78
73            android:name="androidx.camera.core.impl.MetadataHolderService"
73-->[androidx.camera:camera-core:1.3.4] AndroidManifest.xml:30:13-75
74            android:enabled="false"
74-->[androidx.camera:camera-core:1.3.4] AndroidManifest.xml:31:13-36
75            android:exported="false" >
75-->[androidx.camera:camera-core:1.3.4] AndroidManifest.xml:32:13-37
76            <meta-data
76-->[androidx.camera:camera-camera2:1.3.4] AndroidManifest.xml:30:13-32:89
77                android:name="androidx.camera.core.impl.MetadataHolderService.DEFAULT_CONFIG_PROVIDER"
77-->[androidx.camera:camera-camera2:1.3.4] AndroidManifest.xml:31:17-103
78                android:value="androidx.camera.camera2.Camera2Config$DefaultProvider" />
78-->[androidx.camera:camera-camera2:1.3.4] AndroidManifest.xml:32:17-86
79        </service>
80
81        <provider
81-->[com.google.maps.android:maps-compose:8.1.0] AndroidManifest.xml:24:9-32:20
82            android:name="androidx.startup.InitializationProvider"
82-->[com.google.maps.android:maps-compose:8.1.0] AndroidManifest.xml:25:13-67
83            android:authorities="com.athar.accessibilitymapping.androidx-startup"
83-->[com.google.maps.android:maps-compose:8.1.0] AndroidManifest.xml:26:13-68
84            android:exported="false" >
84-->[com.google.maps.android:maps-compose:8.1.0] AndroidManifest.xml:27:13-37
85            <meta-data
85-->[com.google.maps.android:maps-compose:8.1.0] AndroidManifest.xml:29:13-31:52
86                android:name="com.google.maps.android.compose.utils.attribution.AttributionIdInitializer"
86-->[com.google.maps.android:maps-compose:8.1.0] AndroidManifest.xml:30:17-106
87                android:value="androidx.startup" />
87-->[com.google.maps.android:maps-compose:8.1.0] AndroidManifest.xml:31:17-49
88            <meta-data
88-->[com.google.maps.android:maps-ktx:6.0.0] AndroidManifest.xml:30:13-32:52
89                android:name="com.google.maps.android.ktx.utils.attribution.AttributionIdInitializer"
89-->[com.google.maps.android:maps-ktx:6.0.0] AndroidManifest.xml:31:17-102
90                android:value="androidx.startup" />
90-->[com.google.maps.android:maps-ktx:6.0.0] AndroidManifest.xml:32:17-49
91            <meta-data
91-->[androidx.emoji2:emoji2:1.4.0] AndroidManifest.xml:29:13-31:52
92                android:name="androidx.emoji2.text.EmojiCompatInitializer"
92-->[androidx.emoji2:emoji2:1.4.0] AndroidManifest.xml:30:17-75
93                android:value="androidx.startup" />
93-->[androidx.emoji2:emoji2:1.4.0] AndroidManifest.xml:31:17-49
94            <meta-data
94-->[androidx.lifecycle:lifecycle-process:2.10.0] AndroidManifest.xml:29:13-31:52
95                android:name="androidx.lifecycle.ProcessLifecycleInitializer"
95-->[androidx.lifecycle:lifecycle-process:2.10.0] AndroidManifest.xml:30:17-78
96                android:value="androidx.startup" />
96-->[androidx.lifecycle:lifecycle-process:2.10.0] AndroidManifest.xml:31:17-49
97            <meta-data
97-->[androidx.profileinstaller:profileinstaller:1.4.0] AndroidManifest.xml:29:13-31:52
98                android:name="androidx.profileinstaller.ProfileInstallerInitializer"
98-->[androidx.profileinstaller:profileinstaller:1.4.0] AndroidManifest.xml:30:17-85
99                android:value="androidx.startup" />
99-->[androidx.profileinstaller:profileinstaller:1.4.0] AndroidManifest.xml:31:17-49
100        </provider>
101
102        <activity
102-->[com.google.android.gms:play-services-base:18.5.0] AndroidManifest.xml:5:9-173
103            android:name="com.google.android.gms.common.api.GoogleApiActivity"
103-->[com.google.android.gms:play-services-base:18.5.0] AndroidManifest.xml:5:19-85
104            android:exported="false"
104-->[com.google.android.gms:play-services-base:18.5.0] AndroidManifest.xml:5:146-170
105            android:theme="@android:style/Theme.Translucent.NoTitleBar" />
105-->[com.google.android.gms:play-services-base:18.5.0] AndroidManifest.xml:5:86-145
106
107        <meta-data
107-->[com.google.android.gms:play-services-basement:18.9.0] AndroidManifest.xml:21:9-23:69
108            android:name="com.google.android.gms.version"
108-->[com.google.android.gms:play-services-basement:18.9.0] AndroidManifest.xml:22:13-58
109            android:value="@integer/google_play_services_version" />
109-->[com.google.android.gms:play-services-basement:18.9.0] AndroidManifest.xml:23:13-66
110
111        <uses-library
111-->[androidx.window:window:1.5.0] AndroidManifest.xml:23:9-25:40
112            android:name="androidx.window.extensions"
112-->[androidx.window:window:1.5.0] AndroidManifest.xml:24:13-54
113            android:required="false" />
113-->[androidx.window:window:1.5.0] AndroidManifest.xml:25:13-37
114        <uses-library
114-->[androidx.window:window:1.5.0] AndroidManifest.xml:26:9-28:40
115            android:name="androidx.window.sidecar"
115-->[androidx.window:window:1.5.0] AndroidManifest.xml:27:13-51
116            android:required="false" />
116-->[androidx.window:window:1.5.0] AndroidManifest.xml:28:13-37
117
118        <receiver
118-->[androidx.profileinstaller:profileinstaller:1.4.0] AndroidManifest.xml:34:9-52:20
119            android:name="androidx.profileinstaller.ProfileInstallReceiver"
119-->[androidx.profileinstaller:profileinstaller:1.4.0] AndroidManifest.xml:35:13-76
120            android:directBootAware="false"
120-->[androidx.profileinstaller:profileinstaller:1.4.0] AndroidManifest.xml:36:13-44
121            android:enabled="true"
121-->[androidx.profileinstaller:profileinstaller:1.4.0] AndroidManifest.xml:37:13-35
122            android:exported="true"
122-->[androidx.profileinstaller:profileinstaller:1.4.0] AndroidManifest.xml:38:13-36
123            android:permission="android.permission.DUMP" >
123-->[androidx.profileinstaller:profileinstaller:1.4.0] AndroidManifest.xml:39:13-57
124            <intent-filter>
124-->[androidx.profileinstaller:profileinstaller:1.4.0] AndroidManifest.xml:40:13-42:29
125                <action android:name="androidx.profileinstaller.action.INSTALL_PROFILE" />
125-->[androidx.profileinstaller:profileinstaller:1.4.0] AndroidManifest.xml:41:17-91
125-->[androidx.profileinstaller:profileinstaller:1.4.0] AndroidManifest.xml:41:25-88
126            </intent-filter>
127            <intent-filter>
127-->[androidx.profileinstaller:profileinstaller:1.4.0] AndroidManifest.xml:43:13-45:29
128                <action android:name="androidx.profileinstaller.action.SKIP_FILE" />
128-->[androidx.profileinstaller:profileinstaller:1.4.0] AndroidManifest.xml:44:17-85
128-->[androidx.profileinstaller:profileinstaller:1.4.0] AndroidManifest.xml:44:25-82
129            </intent-filter>
130            <intent-filter>
130-->[androidx.profileinstaller:profileinstaller:1.4.0] AndroidManifest.xml:46:13-48:29
131                <action android:name="androidx.profileinstaller.action.SAVE_PROFILE" />
131-->[androidx.profileinstaller:profileinstaller:1.4.0] AndroidManifest.xml:47:17-88
131-->[androidx.profileinstaller:profileinstaller:1.4.0] AndroidManifest.xml:47:25-85
132            </intent-filter>
133            <intent-filter>
133-->[androidx.profileinstaller:profileinstaller:1.4.0] AndroidManifest.xml:49:13-51:29
134                <action android:name="androidx.profileinstaller.action.BENCHMARK_OPERATION" />
134-->[androidx.profileinstaller:profileinstaller:1.4.0] AndroidManifest.xml:50:17-95
134-->[androidx.profileinstaller:profileinstaller:1.4.0] AndroidManifest.xml:50:25-92
135            </intent-filter>
136        </receiver>
137
138        <service
138-->[com.google.android.datatransport:transport-backend-cct:3.2.0] AndroidManifest.xml:26:9-32:19
139            android:name="com.google.android.datatransport.runtime.backends.TransportBackendDiscovery"
139-->[com.google.android.datatransport:transport-backend-cct:3.2.0] AndroidManifest.xml:27:13-103
140            android:exported="false" >
140-->[com.google.android.datatransport:transport-backend-cct:3.2.0] AndroidManifest.xml:28:13-37
141            <meta-data
141-->[com.google.android.datatransport:transport-backend-cct:3.2.0] AndroidManifest.xml:29:13-31:39
142                android:name="backend:com.google.android.datatransport.cct.CctBackendFactory"
142-->[com.google.android.datatransport:transport-backend-cct:3.2.0] AndroidManifest.xml:30:17-94
143                android:value="cct" />
143-->[com.google.android.datatransport:transport-backend-cct:3.2.0] AndroidManifest.xml:31:17-36
144        </service>
145        <service
145-->[com.google.android.datatransport:transport-runtime:3.2.0] AndroidManifest.xml:24:9-28:19
146            android:name="com.google.android.datatransport.runtime.scheduling.jobscheduling.JobInfoSchedulerService"
146-->[com.google.android.datatransport:transport-runtime:3.2.0] AndroidManifest.xml:25:13-117
147            android:exported="false"
147-->[com.google.android.datatransport:transport-runtime:3.2.0] AndroidManifest.xml:26:13-37
148            android:permission="android.permission.BIND_JOB_SERVICE" >
148-->[com.google.android.datatransport:transport-runtime:3.2.0] AndroidManifest.xml:27:13-69
149        </service>
150
151        <receiver
151-->[com.google.android.datatransport:transport-runtime:3.2.0] AndroidManifest.xml:30:9-32:40
152            android:name="com.google.android.datatransport.runtime.scheduling.jobscheduling.AlarmManagerSchedulerBroadcastReceiver"
152-->[com.google.android.datatransport:transport-runtime:3.2.0] AndroidManifest.xml:31:13-132
153            android:exported="false" />
153-->[com.google.android.datatransport:transport-runtime:3.2.0] AndroidManifest.xml:32:13-37
154    </application>
155
156</manifest>